<?xml version="1.0" encoding="UTF-8"?>
<!-- Generated by org.testng.reporters.JUnitReportReporter -->
<testsuite hostname="DESKTOP-1UFPC69" failures="0" tests="1" name="com.vtiger.documents.CreatedocumentsTest" time="27.834" errors="0" timestamp="2022-05-24T16:21:30 IST" skipped="0">
  <testcase classname="com.vtiger.documents.CreatedocumentsTest" name="createdocumentsFrameTest" time="27.834"/>
  <system-out>
    <![CDATA[all done]]>
  </system-out>
</testsuite> <!-- com.vtiger.documents.CreatedocumentsTest -->
