<?xml version="1.0" encoding="UTF-8"?>
<!-- Generated by org.testng.reporters.JUnitReportReporter -->
<testsuite hostname="DESKTOP-1UFPC69" failures="0" tests="1" name="com.vtiger.practice.TestNgAnnotPracticeTest" time="0.011" errors="0" timestamp="2022-05-20T10:15:52 IST" skipped="0">
  <testcase classname="com.vtiger.practice.TestNgAnnotPracticeTest" name="practiceTest" time="0.011"/>
  <system-out>
    <![CDATA[Hii]]>
  </system-out>
</testsuite> <!-- com.vtiger.practice.TestNgAnnotPracticeTest -->
