<?xml version="1.0" encoding="UTF-8"?>
<!-- Generated by org.testng.reporters.JUnitReportReporter -->
<testsuite hostname="DESKTOP-1UFPC69" failures="0" tests="1" name="com.vtiger.productsTest.CreateProductsTest" time="22.416" errors="0" timestamp="2022-05-24T16:21:30 IST" skipped="0">
  <testcase classname="com.vtiger.productsTest.CreateProductsTest" name="createProductsTest" time="22.416"/>
  <system-out>
    <![CDATA[product created]]>
  </system-out>
</testsuite> <!-- com.vtiger.productsTest.CreateProductsTest -->
