<?xml version="1.0" encoding="UTF-8"?>
<!-- Generated by org.testng.reporters.JUnitReportReporter -->
<testsuite hostname="DESKTOP-1UFPC69" failures="0" tests="1" name="com.vtiger.contactsTest.FetchDataofContactsTest" time="22.391" errors="0" timestamp="2022-05-18T11:41:26 IST" skipped="0">
  <testcase classname="com.vtiger.contactsTest.FetchDataofContactsTest" name="fetchDataofContactsTest" time="22.391"/>
  <system-out>
    <![CDATA[contacts has been created]]>
  </system-out>
</testsuite> <!-- com.vtiger.contactsTest.FetchDataofContactsTest -->
