<?xml version="1.0" encoding="UTF-8"?>
<!-- Generated by org.testng.reporters.JUnitReportReporter -->
<testsuite hostname="DESKTOP-1UFPC69" failures="0" tests="2" name="com.vtiger.practice.PracticeTest" time="0.012" errors="0" timestamp="2022-05-17T11:43:22 IST" skipped="0">
  <testcase classname="com.vtiger.practice.PracticeTest" name="practice2Test" time="0.008"/>
  <system-out>
    <![CDATA[Helloooo]]>
  </system-out>
  <testcase classname="com.vtiger.practice.PracticeTest" name="practiceTest" time="0.004"/>
  <system-out>
    <![CDATA[Hii]]>
  </system-out>
</testsuite> <!-- com.vtiger.practice.PracticeTest -->
