<?xml version="1.0" encoding="UTF-8"?>
<!-- Generated by org.testng.reporters.JUnitReportReporter -->
<testsuite hostname="DESKTOP-1UFPC69" failures="0" tests="1" name="com.vtiger.contactsTestCases.CreateContactTC3" time="28.292" errors="0" timestamp="2022-05-18T12:32:26 IST" skipped="0">
  <testcase classname="com.vtiger.contactsTestCases.CreateContactTC3" name="createContactTC3" time="28.292"/>
  <system-out/>
</testsuite> <!-- com.vtiger.contactsTestCases.CreateContactTC3 -->
