<?xml version="1.0" encoding="UTF-8"?>
<!-- Generated by org.testng.reporters.JUnitReportReporter -->
<testsuite hostname="DESKTOP-1UFPC69" failures="0" tests="2" name="com.vtiger.practice.TestNgBasicConfAnnotationTest" time="0.015" errors="0" timestamp="2022-05-16T17:17:06 IST" skipped="0">
  <testcase classname="com.vtiger.practice.TestNgBasicConfAnnotationTest" name="test1Test" time="0.011"/>
  <system-out>
    <![CDATA[test1]]>
  </system-out>
  <testcase classname="com.vtiger.practice.TestNgBasicConfAnnotationTest" name="test2Test" time="0.004"/>
  <system-out>
    <![CDATA[test2]]>
  </system-out>
</testsuite> <!-- com.vtiger.practice.TestNgBasicConfAnnotationTest -->
