<?xml version="1.0" encoding="UTF-8"?>
<!-- Generated by org.testng.reporters.JUnitReportReporter -->
<testsuite hostname="DESKTOP-1UFPC69" failures="0" tests="1" name="com.vtiger.contactsTestCases.CreateContactTC1" time="22.743" errors="0" timestamp="2022-05-18T12:23:12 IST" skipped="0">
  <testcase classname="com.vtiger.contactsTestCases.CreateContactTC1" name="createContactTC1" time="22.743"/>
  <system-out>
    <![CDATA[Sam contact information updated today]]>
  </system-out>
</testsuite> <!-- com.vtiger.contactsTestCases.CreateContactTC1 -->
