<?xml version="1.0" encoding="UTF-8"?>
<!-- Generated by org.testng.reporters.JUnitReportReporter -->
<testsuite hostname="DESKTOP-1UFPC69" failures="0" tests="1" name="com.vtiger.contactsTestCases.CreateContactTC5" time="11.635" errors="0" timestamp="2022-05-18T17:58:44 IST" skipped="0">
  <testcase classname="com.vtiger.contactsTestCases.CreateContactTC5" name="createContactTC5" time="11.635"/>
  <system-out/>
</testsuite> <!-- com.vtiger.contactsTestCases.CreateContactTC5 -->
