<?xml version="1.0" encoding="UTF-8"?>
<!-- Generated by org.testng.reporters.JUnitReportReporter -->
<testsuite hostname="DESKTOP-1UFPC69" failures="0" tests="1" name="com.vtiger.organisationTest.CreateOrgwithIndustryandTypeTest" time="24.807" errors="0" timestamp="2022-05-24T16:21:30 IST" skipped="0">
  <testcase classname="com.vtiger.organisationTest.CreateOrgwithIndustryandTypeTest" name="createOrgwithIndustryandType" time="24.807"/>
  <system-out>
    <![CDATA[Organization created with indusrty and type]]>
  </system-out>
</testsuite> <!-- com.vtiger.organisationTest.CreateOrgwithIndustryandTypeTest -->
