<?xml version="1.0" encoding="UTF-8"?>
<!-- Generated by org.testng.reporters.JUnitReportReporter -->
<testsuite hostname="DESKTOP-1UFPC69" failures="0" tests="1" name="com.vtiger.campaignTest.CreateCampaignWithProductnameTest" time="44.558" errors="0" timestamp="2022-05-24T16:21:30 IST" skipped="0">
  <testcase classname="com.vtiger.campaignTest.CreateCampaignWithProductnameTest" name="createCampaignWithProductname" time="44.558"/>
  <system-out>
    <![CDATA[campaign and product name has been created]]>
  </system-out>
</testsuite> <!-- com.vtiger.campaignTest.CreateCampaignWithProductnameTest -->
