<?xml version="1.0" encoding="UTF-8"?>
<!-- Generated by org.testng.reporters.JUnitReportReporter -->
<testsuite hostname="DESKTOP-1UFPC69" failures="0" tests="1" name="com.vtiger.campaignTest.CreateCampaignWithProductname" time="36.986" errors="0" timestamp="2022-05-18T15:33:22 IST" skipped="0">
  <testcase classname="com.vtiger.campaignTest.CreateCampaignWithProductname" name="createCampaignWithProductname" time="36.986"/>
  <system-out>
    <![CDATA[campaign and product name has been created]]>
  </system-out>
</testsuite> <!-- com.vtiger.campaignTest.CreateCampaignWithProductname -->
