<?xml version="1.0" encoding="UTF-8"?>
<!-- Generated by org.testng.reporters.JUnitReportReporter -->
<testsuite hostname="DESKTOP-1UFPC69" failures="0" tests="5" name="com.vtiger.practice.TestNgPracticeTest" time="0.028" errors="0" timestamp="2022-05-18T14:24:49 IST" skipped="0">
  <testcase classname="com.vtiger.practice.TestNgPracticeTest" name="testNgPracticeTest" time="0.003"/>
  <system-out>
    <![CDATA[username----->   password]]>
  </system-out>
  <testcase classname="com.vtiger.practice.TestNgPracticeTest" name="testNgPracticeTest" time="0.002"/>
  <system-out>
    <![CDATA[username----->   password]]>
  </system-out>
  <testcase classname="com.vtiger.practice.TestNgPracticeTest" name="testNgPracticeTest" time="0.008"/>
  <system-out>
    <![CDATA[username----->   password]]>
  </system-out>
  <testcase classname="com.vtiger.practice.TestNgPracticeTest" name="testNgPracticeTest" time="0.004"/>
  <system-out>
    <![CDATA[username----->   password]]>
  </system-out>
  <testcase classname="com.vtiger.practice.TestNgPracticeTest" name="testNgPracticeTest" time="0.011"/>
  <system-out>
    <![CDATA[username----->   password]]>
  </system-out>
</testsuite> <!-- com.vtiger.practice.TestNgPracticeTest -->
