<?xml version="1.0" encoding="UTF-8"?>
<!-- Generated by org.testng.reporters.JUnitReportReporter -->
<testsuite hostname="DESKTOP-1UFPC69" failures="0" tests="1" name="com.vtiger.organisationTest.CreateorganisationandcontactnameTest" time="46.757" errors="0" timestamp="2022-05-18T11:41:26 IST" skipped="0">
  <testcase classname="com.vtiger.organisationTest.CreateorganisationandcontactnameTest" name="createorganisationandcontactnameTest" time="46.757"/>
  <system-out>
    <![CDATA[contact created with org name]]>
  </system-out>
</testsuite> <!-- com.vtiger.organisationTest.CreateorganisationandcontactnameTest -->
