<?xml version="1.0" encoding="UTF-8"?>
<!-- Generated by org.testng.reporters.JUnitReportReporter -->
<testsuite hostname="DESKTOP-1UFPC69" failures="0" tests="1" name="com.vtiger.campaignTest.CreatecampaignTest" time="24.383" errors="0" timestamp="2022-05-24T16:21:30 IST" skipped="0">
  <testcase classname="com.vtiger.campaignTest.CreatecampaignTest" name="createcampaignTest" time="24.383"/>
  <system-out>
    <![CDATA[campaign name has been created]]>
  </system-out>
</testsuite> <!-- com.vtiger.campaignTest.CreatecampaignTest -->
