<?xml version="1.0" encoding="UTF-8"?>
<!-- Generated by org.testng.reporters.JUnitReportReporter -->
<testsuite hostname="DESKTOP-1UFPC69" failures="0" tests="1" name="com.vtiger.organisationTest.CreateOrgwithIndustryandType" time="23.878" errors="0" timestamp="2022-05-18T15:21:05 IST" skipped="0">
  <testcase classname="com.vtiger.organisationTest.CreateOrgwithIndustryandType" name="createOrgwithIndustryandType" time="23.878"/>
  <system-out>
    <![CDATA[Organization created with indusrty and type]]>
  </system-out>
</testsuite> <!-- com.vtiger.organisationTest.CreateOrgwithIndustryandType -->
